[debug] [2023-05-26T15:16:13.793Z] ----------------------------------------------------------------------
[debug] [2023-05-26T15:16:13.794Z] Command:       /usr/local/bin/node /usr/local/bin/firebase emulators:start --only auth
[debug] [2023-05-26T15:16:13.795Z] CLI Version:   12.2.1
[debug] [2023-05-26T15:16:13.795Z] Platform:      darwin
[debug] [2023-05-26T15:16:13.795Z] Node Version:  v16.15.1
[debug] [2023-05-26T15:16:13.796Z] Time:          Sat May 27 2023 00:16:13 GMT+0900 (Korean Standard Time)
[debug] [2023-05-26T15:16:13.796Z] ----------------------------------------------------------------------
[debug] 
[debug] [2023-05-26T15:16:13.856Z] > command requires scopes: ["email","openid","https://www.googleapis.com/auth/cloudplatformprojects.readonly","https://www.googleapis.com/auth/firebase","https://www.googleapis.com/auth/cloud-platform"]
[debug] [2023-05-26T15:16:13.856Z] > authorizing via signed-in user (hjae.ubermensch@gmail.com)
[info] i  emulators: Starting emulators: auth {"metadata":{"emulator":{"name":"hub"},"message":"Starting emulators: auth"}}
[debug] [2023-05-26T15:16:14.467Z] [logging] Logging Emulator only supports listening on one address (127.0.0.1). Not listening on ::1
[debug] [2023-05-26T15:16:14.467Z] [auth] Authentication Emulator only supports listening on one address (127.0.0.1). Not listening on ::1
[debug] [2023-05-26T15:16:14.468Z] assigned listening specs for emulators {"user":{"hub":[{"address":"127.0.0.1","family":"IPv4","port":4400},{"address":"::1","family":"IPv6","port":4400}],"ui":[{"address":"127.0.0.1","family":"IPv4","port":4000},{"address":"::1","family":"IPv6","port":4000}],"logging":[{"address":"127.0.0.1","family":"IPv4","port":4500}],"auth":[{"address":"127.0.0.1","family":"IPv4","port":9099}]},"metadata":{"message":"assigned listening specs for emulators"}}
[debug] [2023-05-26T15:16:14.477Z] [hub] writing locator at /var/folders/62/8cm9kgnd61s8jx3ywhbdfj3c0000gn/T/hub-unihood-20eb2.json
[info] i  ui: downloading ui-v1.11.6.zip... {"metadata":{"emulator":{"name":"ui"},"message":"downloading ui-v1.11.6.zip..."}}
[debug] [2023-05-26T15:16:18.905Z] >>> [apiv2][query] GET https://storage.googleapis.com/firebase-preview-drop/emulator/ui-v1.11.6.zip 
[debug] [2023-05-26T15:16:19.055Z] <<< [apiv2][status] GET https://storage.googleapis.com/firebase-preview-drop/emulator/ui-v1.11.6.zip 200
[debug] [2023-05-26T15:16:19.055Z] <<< [apiv2][body] GET https://storage.googleapis.com/firebase-preview-drop/emulator/ui-v1.11.6.zip [stream]
[debug] [2023-05-26T15:16:20.461Z] Data is 3063444
[debug] [2023-05-26T15:16:20.461Z] [unzip] Entry: client/ (compressed_size=0 bytes, uncompressed_size=0 bytes)
[debug] [2023-05-26T15:16:20.461Z] [unzip] Processing entry: client/
[debug] [2023-05-26T15:16:20.461Z] [unzip] mkdir: /Users/ihyeonjae/.cache/firebase/emulators/ui-v1.11.6/client/
[debug] [2023-05-26T15:16:20.462Z] [unzip] Entry: client/favicon.ico (compressed_size=2497 bytes, uncompressed_size=7406 bytes)
[debug] [2023-05-26T15:16:20.462Z] [unzip] Processing entry: client/favicon.ico
[debug] [2023-05-26T15:16:20.462Z] [unzip] else mkdir: /Users/ihyeonjae/.cache/firebase/emulators/ui-v1.11.6/client
[debug] [2023-05-26T15:16:20.462Z] [unzip] deflating: /Users/ihyeonjae/.cache/firebase/emulators/ui-v1.11.6/client/favicon.ico
[debug] [2023-05-26T15:16:20.464Z] [unzip] Entry: client/apple-touch-icon.png (compressed_size=7231 bytes, uncompressed_size=7367 bytes)
[debug] [2023-05-26T15:16:20.464Z] [unzip] Processing entry: client/apple-touch-icon.png
[debug] [2023-05-26T15:16:20.464Z] [unzip] else mkdir: /Users/ihyeonjae/.cache/firebase/emulators/ui-v1.11.6/client
[debug] [2023-05-26T15:16:20.464Z] [unzip] deflating: /Users/ihyeonjae/.cache/firebase/emulators/ui-v1.11.6/client/apple-touch-icon.png
[debug] [2023-05-26T15:16:20.465Z] [unzip] Entry: client/android-chrome-512x512.png (compressed_size=16987 bytes, uncompressed_size=18186 bytes)
[debug] [2023-05-26T15:16:20.465Z] [unzip] Processing entry: client/android-chrome-512x512.png
[debug] [2023-05-26T15:16:20.465Z] [unzip] else mkdir: /Users/ihyeonjae/.cache/firebase/emulators/ui-v1.11.6/client
[debug] [2023-05-26T15:16:20.465Z] [unzip] deflating: /Users/ihyeonjae/.cache/firebase/emulators/ui-v1.11.6/client/android-chrome-512x512.png
[debug] [2023-05-26T15:16:20.466Z] [unzip] Entry: client/assets/ (compressed_size=0 bytes, uncompressed_size=0 bytes)
[debug] [2023-05-26T15:16:20.466Z] [unzip] Processing entry: client/assets/
[debug] [2023-05-26T15:16:20.466Z] [unzip] mkdir: /Users/ihyeonjae/.cache/firebase/emulators/ui-v1.11.6/client/assets/
[debug] [2023-05-26T15:16:20.466Z] [unzip] Entry: client/assets/extensions/ (compressed_size=0 bytes, uncompressed_size=0 bytes)
[debug] [2023-05-26T15:16:20.466Z] [unzip] Processing entry: client/assets/extensions/
[debug] [2023-05-26T15:16:20.466Z] [unzip] mkdir: /Users/ihyeonjae/.cache/firebase/emulators/ui-v1.11.6/client/assets/extensions/
[debug] [2023-05-26T15:16:20.466Z] [unzip] Entry: client/assets/extensions/default-extension.png (compressed_size=1646 bytes, uncompressed_size=1657 bytes)
[debug] [2023-05-26T15:16:20.466Z] [unzip] Processing entry: client/assets/extensions/default-extension.png
[debug] [2023-05-26T15:16:20.466Z] [unzip] else mkdir: /Users/ihyeonjae/.cache/firebase/emulators/ui-v1.11.6/client/assets/extensions
[debug] [2023-05-26T15:16:20.467Z] [unzip] deflating: /Users/ihyeonjae/.cache/firebase/emulators/ui-v1.11.6/client/assets/extensions/default-extension.png
[debug] [2023-05-26T15:16:20.467Z] [unzip] Entry: client/assets/index.85584c3f.js (compressed_size=526096 bytes, uncompressed_size=1859818 bytes)
[debug] [2023-05-26T15:16:20.467Z] [unzip] Processing entry: client/assets/index.85584c3f.js
[debug] [2023-05-26T15:16:20.467Z] [unzip] else mkdir: /Users/ihyeonjae/.cache/firebase/emulators/ui-v1.11.6/client/assets
[debug] [2023-05-26T15:16:20.467Z] [unzip] deflating: /Users/ihyeonjae/.cache/firebase/emulators/ui-v1.11.6/client/assets/index.85584c3f.js
[debug] [2023-05-26T15:16:20.479Z] [unzip] Entry: client/assets/provider-icons/ (compressed_size=0 bytes, uncompressed_size=0 bytes)
[debug] [2023-05-26T15:16:20.479Z] [unzip] Processing entry: client/assets/provider-icons/
[debug] [2023-05-26T15:16:20.479Z] [unzip] mkdir: /Users/ihyeonjae/.cache/firebase/emulators/ui-v1.11.6/client/assets/provider-icons/
[debug] [2023-05-26T15:16:20.479Z] [unzip] Entry: client/assets/provider-icons/auth_service_oidc.svg (compressed_size=414 bytes, uncompressed_size=858 bytes)
[debug] [2023-05-26T15:16:20.479Z] [unzip] Processing entry: client/assets/provider-icons/auth_service_oidc.svg
[debug] [2023-05-26T15:16:20.479Z] [unzip] else mkdir: /Users/ihyeonjae/.cache/firebase/emulators/ui-v1.11.6/client/assets/provider-icons
[debug] [2023-05-26T15:16:20.479Z] [unzip] deflating: /Users/ihyeonjae/.cache/firebase/emulators/ui-v1.11.6/client/assets/provider-icons/auth_service_oidc.svg
[debug] [2023-05-26T15:16:20.480Z] [unzip] Entry: client/assets/provider-icons/auth_service_yahoo.svg (compressed_size=577 bytes, uncompressed_size=1182 bytes)
[debug] [2023-05-26T15:16:20.480Z] [unzip] Processing entry: client/assets/provider-icons/auth_service_yahoo.svg
[debug] [2023-05-26T15:16:20.480Z] [unzip] else mkdir: /Users/ihyeonjae/.cache/firebase/emulators/ui-v1.11.6/client/assets/provider-icons
[debug] [2023-05-26T15:16:20.480Z] [unzip] deflating: /Users/ihyeonjae/.cache/firebase/emulators/ui-v1.11.6/client/assets/provider-icons/auth_service_yahoo.svg
[debug] [2023-05-26T15:16:20.480Z] [unzip] Entry: client/assets/provider-icons/auth_service_phone.svg (compressed_size=261 bytes, uncompressed_size=414 bytes)
[debug] [2023-05-26T15:16:20.480Z] [unzip] Processing entry: client/assets/provider-icons/auth_service_phone.svg
[debug] [2023-05-26T15:16:20.480Z] [unzip] else mkdir: /Users/ihyeonjae/.cache/firebase/emulators/ui-v1.11.6/client/assets/provider-icons
[debug] [2023-05-26T15:16:20.480Z] [unzip] deflating: /Users/ihyeonjae/.cache/firebase/emulators/ui-v1.11.6/client/assets/provider-icons/auth_service_phone.svg
[debug] [2023-05-26T15:16:20.481Z] [unzip] Entry: client/assets/provider-icons/auth_service_saml.svg (compressed_size=575 bytes, uncompressed_size=1226 bytes)
[debug] [2023-05-26T15:16:20.481Z] [unzip] Processing entry: client/assets/provider-icons/auth_service_saml.svg
[debug] [2023-05-26T15:16:20.481Z] [unzip] else mkdir: /Users/ihyeonjae/.cache/firebase/emulators/ui-v1.11.6/client/assets/provider-icons
[debug] [2023-05-26T15:16:20.481Z] [unzip] deflating: /Users/ihyeonjae/.cache/firebase/emulators/ui-v1.11.6/client/assets/provider-icons/auth_service_saml.svg
[debug] [2023-05-26T15:16:20.481Z] [unzip] Entry: client/assets/provider-icons/auth_service_mslive.svg (compressed_size=203 bytes, uncompressed_size=378 bytes)
[debug] [2023-05-26T15:16:20.482Z] [unzip] Processing entry: client/assets/provider-icons/auth_service_mslive.svg
[debug] [2023-05-26T15:16:20.482Z] [unzip] else mkdir: /Users/ihyeonjae/.cache/firebase/emulators/ui-v1.11.6/client/assets/provider-icons
[debug] [2023-05-26T15:16:20.482Z] [unzip] deflating: /Users/ihyeonjae/.cache/firebase/emulators/ui-v1.11.6/client/assets/provider-icons/auth_service_mslive.svg
[debug] [2023-05-26T15:16:20.482Z] [unzip] Entry: client/assets/provider-icons/auth_service_facebook.svg (compressed_size=289 bytes, uncompressed_size=457 bytes)
[debug] [2023-05-26T15:16:20.482Z] [unzip] Processing entry: client/assets/provider-icons/auth_service_facebook.svg
[debug] [2023-05-26T15:16:20.482Z] [unzip] else mkdir: /Users/ihyeonjae/.cache/firebase/emulators/ui-v1.11.6/client/assets/provider-icons
[debug] [2023-05-26T15:16:20.482Z] [unzip] deflating: /Users/ihyeonjae/.cache/firebase/emulators/ui-v1.11.6/client/assets/provider-icons/auth_service_facebook.svg
[debug] [2023-05-26T15:16:20.483Z] [unzip] Entry: client/assets/provider-icons/auth_service_play_games.svg (compressed_size=565 bytes, uncompressed_size=1173 bytes)
[debug] [2023-05-26T15:16:20.483Z] [unzip] Processing entry: client/assets/provider-icons/auth_service_play_games.svg
[debug] [2023-05-26T15:16:20.483Z] [unzip] else mkdir: /Users/ihyeonjae/.cache/firebase/emulators/ui-v1.11.6/client/assets/provider-icons
[debug] [2023-05-26T15:16:20.483Z] [unzip] deflating: /Users/ihyeonjae/.cache/firebase/emulators/ui-v1.11.6/client/assets/provider-icons/auth_service_play_games.svg
[debug] [2023-05-26T15:16:20.483Z] [unzip] Entry: client/assets/provider-icons/auth_service_github.svg (compressed_size=466 bytes, uncompressed_size=838 bytes)
[debug] [2023-05-26T15:16:20.483Z] [unzip] Processing entry: client/assets/provider-icons/auth_service_github.svg
[debug] [2023-05-26T15:16:20.483Z] [unzip] else mkdir: /Users/ihyeonjae/.cache/firebase/emulators/ui-v1.11.6/client/assets/provider-icons
[debug] [2023-05-26T15:16:20.483Z] [unzip] deflating: /Users/ihyeonjae/.cache/firebase/emulators/ui-v1.11.6/client/assets/provider-icons/auth_service_github.svg
[debug] [2023-05-26T15:16:20.483Z] [unzip] Entry: client/assets/provider-icons/auth_service_apple.svg (compressed_size=230 bytes, uncompressed_size=334 bytes)
[debug] [2023-05-26T15:16:20.483Z] [unzip] Processing entry: client/assets/provider-icons/auth_service_apple.svg
[debug] [2023-05-26T15:16:20.483Z] [unzip] else mkdir: /Users/ihyeonjae/.cache/firebase/emulators/ui-v1.11.6/client/assets/provider-icons
[debug] [2023-05-26T15:16:20.484Z] [unzip] deflating: /Users/ihyeonjae/.cache/firebase/emulators/ui-v1.11.6/client/assets/provider-icons/auth_service_apple.svg
[debug] [2023-05-26T15:16:20.484Z] [unzip] Entry: client/assets/provider-icons/auth_service_google.svg (compressed_size=409 bytes, uncompressed_size=720 bytes)
[debug] [2023-05-26T15:16:20.484Z] [unzip] Processing entry: client/assets/provider-icons/auth_service_google.svg
[debug] [2023-05-26T15:16:20.484Z] [unzip] else mkdir: /Users/ihyeonjae/.cache/firebase/emulators/ui-v1.11.6/client/assets/provider-icons
[debug] [2023-05-26T15:16:20.484Z] [unzip] deflating: /Users/ihyeonjae/.cache/firebase/emulators/ui-v1.11.6/client/assets/provider-icons/auth_service_google.svg
[debug] [2023-05-26T15:16:20.484Z] [unzip] Entry: client/assets/provider-icons/auth_service_email.svg (compressed_size=228 bytes, uncompressed_size=326 bytes)
[debug] [2023-05-26T15:16:20.484Z] [unzip] Processing entry: client/assets/provider-icons/auth_service_email.svg
[debug] [2023-05-26T15:16:20.484Z] [unzip] else mkdir: /Users/ihyeonjae/.cache/firebase/emulators/ui-v1.11.6/client/assets/provider-icons
[debug] [2023-05-26T15:16:20.484Z] [unzip] deflating: /Users/ihyeonjae/.cache/firebase/emulators/ui-v1.11.6/client/assets/provider-icons/auth_service_email.svg
[debug] [2023-05-26T15:16:20.485Z] [unzip] Entry: client/assets/provider-icons/auth_service_twitter.svg (compressed_size=444 bytes, uncompressed_size=751 bytes)
[debug] [2023-05-26T15:16:20.485Z] [unzip] Processing entry: client/assets/provider-icons/auth_service_twitter.svg
[debug] [2023-05-26T15:16:20.485Z] [unzip] else mkdir: /Users/ihyeonjae/.cache/firebase/emulators/ui-v1.11.6/client/assets/provider-icons
[debug] [2023-05-26T15:16:20.485Z] [unzip] deflating: /Users/ihyeonjae/.cache/firebase/emulators/ui-v1.11.6/client/assets/provider-icons/auth_service_twitter.svg
[debug] [2023-05-26T15:16:20.485Z] [unzip] Entry: client/assets/provider-icons/auth_service_game_center.svg (compressed_size=991 bytes, uncompressed_size=3921 bytes)
[debug] [2023-05-26T15:16:20.485Z] [unzip] Processing entry: client/assets/provider-icons/auth_service_game_center.svg
[debug] [2023-05-26T15:16:20.485Z] [unzip] else mkdir: /Users/ihyeonjae/.cache/firebase/emulators/ui-v1.11.6/client/assets/provider-icons
[debug] [2023-05-26T15:16:20.485Z] [unzip] deflating: /Users/ihyeonjae/.cache/firebase/emulators/ui-v1.11.6/client/assets/provider-icons/auth_service_game_center.svg
[debug] [2023-05-26T15:16:20.485Z] [unzip] Entry: client/assets/img/ (compressed_size=0 bytes, uncompressed_size=0 bytes)
[debug] [2023-05-26T15:16:20.485Z] [unzip] Processing entry: client/assets/img/
[debug] [2023-05-26T15:16:20.485Z] [unzip] mkdir: /Users/ihyeonjae/.cache/firebase/emulators/ui-v1.11.6/client/assets/img/
[debug] [2023-05-26T15:16:20.485Z] [unzip] Entry: client/assets/img/database.png (compressed_size=29449 bytes, uncompressed_size=29988 bytes)
[debug] [2023-05-26T15:16:20.485Z] [unzip] Processing entry: client/assets/img/database.png
[debug] [2023-05-26T15:16:20.485Z] [unzip] else mkdir: /Users/ihyeonjae/.cache/firebase/emulators/ui-v1.11.6/client/assets/img
[debug] [2023-05-26T15:16:20.485Z] [unzip] deflating: /Users/ihyeonjae/.cache/firebase/emulators/ui-v1.11.6/client/assets/img/database.png
[debug] [2023-05-26T15:16:20.486Z] [unzip] Entry: client/assets/index.b9383ce5.css (compressed_size=37605 bytes, uncompressed_size=321268 bytes)
[debug] [2023-05-26T15:16:20.486Z] [unzip] Processing entry: client/assets/index.b9383ce5.css
[debug] [2023-05-26T15:16:20.486Z] [unzip] else mkdir: /Users/ihyeonjae/.cache/firebase/emulators/ui-v1.11.6/client/assets
[debug] [2023-05-26T15:16:20.486Z] [unzip] deflating: /Users/ihyeonjae/.cache/firebase/emulators/ui-v1.11.6/client/assets/index.b9383ce5.css
[debug] [2023-05-26T15:16:20.487Z] [unzip] Entry: client/assets/index.85584c3f.js.map (compressed_size=1778028 bytes, uncompressed_size=7960238 bytes)
[debug] [2023-05-26T15:16:20.487Z] [unzip] Processing entry: client/assets/index.85584c3f.js.map
[debug] [2023-05-26T15:16:20.487Z] [unzip] else mkdir: /Users/ihyeonjae/.cache/firebase/emulators/ui-v1.11.6/client/assets
[debug] [2023-05-26T15:16:20.487Z] [unzip] deflating: /Users/ihyeonjae/.cache/firebase/emulators/ui-v1.11.6/client/assets/index.85584c3f.js.map
[debug] [2023-05-26T15:16:20.536Z] [unzip] Entry: client/safari-pinned-tab.svg (compressed_size=838 bytes, uncompressed_size=1504 bytes)
[debug] [2023-05-26T15:16:20.536Z] [unzip] Processing entry: client/safari-pinned-tab.svg
[debug] [2023-05-26T15:16:20.536Z] [unzip] else mkdir: /Users/ihyeonjae/.cache/firebase/emulators/ui-v1.11.6/client
[debug] [2023-05-26T15:16:20.536Z] [unzip] deflating: /Users/ihyeonjae/.cache/firebase/emulators/ui-v1.11.6/client/safari-pinned-tab.svg
[debug] [2023-05-26T15:16:20.537Z] [unzip] Entry: client/mstile-150x150.png (compressed_size=5406 bytes, uncompressed_size=5723 bytes)
[debug] [2023-05-26T15:16:20.537Z] [unzip] Processing entry: client/mstile-150x150.png
[debug] [2023-05-26T15:16:20.537Z] [unzip] else mkdir: /Users/ihyeonjae/.cache/firebase/emulators/ui-v1.11.6/client
[debug] [2023-05-26T15:16:20.537Z] [unzip] deflating: /Users/ihyeonjae/.cache/firebase/emulators/ui-v1.11.6/client/mstile-150x150.png
[debug] [2023-05-26T15:16:20.537Z] [unzip] Entry: client/browserconfig.xml (compressed_size=491 bytes, uncompressed_size=822 bytes)
[debug] [2023-05-26T15:16:20.537Z] [unzip] Processing entry: client/browserconfig.xml
[debug] [2023-05-26T15:16:20.537Z] [unzip] else mkdir: /Users/ihyeonjae/.cache/firebase/emulators/ui-v1.11.6/client
[debug] [2023-05-26T15:16:20.537Z] [unzip] deflating: /Users/ihyeonjae/.cache/firebase/emulators/ui-v1.11.6/client/browserconfig.xml
[debug] [2023-05-26T15:16:20.537Z] [unzip] Entry: client/robots.txt (compressed_size=26 bytes, uncompressed_size=26 bytes)
[debug] [2023-05-26T15:16:20.537Z] [unzip] Processing entry: client/robots.txt
[debug] [2023-05-26T15:16:20.537Z] [unzip] else mkdir: /Users/ihyeonjae/.cache/firebase/emulators/ui-v1.11.6/client
[debug] [2023-05-26T15:16:20.537Z] [unzip] Writing file: /Users/ihyeonjae/.cache/firebase/emulators/ui-v1.11.6/client/robots.txt
[debug] [2023-05-26T15:16:20.539Z] [unzip] Entry: client/index.html (compressed_size=1363 bytes, uncompressed_size=3064 bytes)
[debug] [2023-05-26T15:16:20.539Z] [unzip] Processing entry: client/index.html
[debug] [2023-05-26T15:16:20.539Z] [unzip] else mkdir: /Users/ihyeonjae/.cache/firebase/emulators/ui-v1.11.6/client
[debug] [2023-05-26T15:16:20.539Z] [unzip] deflating: /Users/ihyeonjae/.cache/firebase/emulators/ui-v1.11.6/client/index.html
[debug] [2023-05-26T15:16:20.540Z] [unzip] Entry: client/favicon-16x16.png (compressed_size=757 bytes, uncompressed_size=777 bytes)
[debug] [2023-05-26T15:16:20.540Z] [unzip] Processing entry: client/favicon-16x16.png
[debug] [2023-05-26T15:16:20.540Z] [unzip] else mkdir: /Users/ihyeonjae/.cache/firebase/emulators/ui-v1.11.6/client
[debug] [2023-05-26T15:16:20.541Z] [unzip] deflating: /Users/ihyeonjae/.cache/firebase/emulators/ui-v1.11.6/client/favicon-16x16.png
[debug] [2023-05-26T15:16:20.541Z] [unzip] Entry: client/manifest.json (compressed_size=246 bytes, uncompressed_size=551 bytes)
[debug] [2023-05-26T15:16:20.541Z] [unzip] Processing entry: client/manifest.json
[debug] [2023-05-26T15:16:20.541Z] [unzip] else mkdir: /Users/ihyeonjae/.cache/firebase/emulators/ui-v1.11.6/client
[debug] [2023-05-26T15:16:20.542Z] [unzip] deflating: /Users/ihyeonjae/.cache/firebase/emulators/ui-v1.11.6/client/manifest.json
[debug] [2023-05-26T15:16:20.542Z] [unzip] Entry: client/favicon-32x32.png (compressed_size=1175 bytes, uncompressed_size=1175 bytes)
[debug] [2023-05-26T15:16:20.542Z] [unzip] Processing entry: client/favicon-32x32.png
[debug] [2023-05-26T15:16:20.542Z] [unzip] else mkdir: /Users/ihyeonjae/.cache/firebase/emulators/ui-v1.11.6/client
[debug] [2023-05-26T15:16:20.542Z] [unzip] Writing file: /Users/ihyeonjae/.cache/firebase/emulators/ui-v1.11.6/client/favicon-32x32.png
[debug] [2023-05-26T15:16:20.543Z] [unzip] Entry: client/android-chrome-192x192.png (compressed_size=7602 bytes, uncompressed_size=7834 bytes)
[debug] [2023-05-26T15:16:20.543Z] [unzip] Processing entry: client/android-chrome-192x192.png
[debug] [2023-05-26T15:16:20.543Z] [unzip] else mkdir: /Users/ihyeonjae/.cache/firebase/emulators/ui-v1.11.6/client
[debug] [2023-05-26T15:16:20.543Z] [unzip] deflating: /Users/ihyeonjae/.cache/firebase/emulators/ui-v1.11.6/client/android-chrome-192x192.png
[debug] [2023-05-26T15:16:20.544Z] [unzip] Entry: server/ (compressed_size=0 bytes, uncompressed_size=0 bytes)
[debug] [2023-05-26T15:16:20.544Z] [unzip] Processing entry: server/
[debug] [2023-05-26T15:16:20.544Z] [unzip] mkdir: /Users/ihyeonjae/.cache/firebase/emulators/ui-v1.11.6/server/
[debug] [2023-05-26T15:16:20.544Z] [unzip] Entry: server/server.js (compressed_size=343746 bytes, uncompressed_size=1346374 bytes)
[debug] [2023-05-26T15:16:20.544Z] [unzip] Processing entry: server/server.js
[debug] [2023-05-26T15:16:20.544Z] [unzip] else mkdir: /Users/ihyeonjae/.cache/firebase/emulators/ui-v1.11.6/server
[debug] [2023-05-26T15:16:20.544Z] [unzip] deflating: /Users/ihyeonjae/.cache/firebase/emulators/ui-v1.11.6/server/server.js
[debug] [2023-05-26T15:16:20.563Z] [unzip] Entry: server/server.js.map (compressed_size=289157 bytes, uncompressed_size=1325651 bytes)
[debug] [2023-05-26T15:16:20.563Z] [unzip] Processing entry: server/server.js.map
[debug] [2023-05-26T15:16:20.563Z] [unzip] else mkdir: /Users/ihyeonjae/.cache/firebase/emulators/ui-v1.11.6/server
[debug] [2023-05-26T15:16:20.564Z] [unzip] deflating: /Users/ihyeonjae/.cache/firebase/emulators/ui-v1.11.6/server/server.js.map
[debug] [2023-05-26T15:16:20.574Z] Ignoring unsupported arg: auto_download {"metadata":{"emulator":{"name":"ui"},"message":"Ignoring unsupported arg: auto_download"}}
[debug] [2023-05-26T15:16:20.574Z] Ignoring unsupported arg: port {"metadata":{"emulator":{"name":"ui"},"message":"Ignoring unsupported arg: port"}}
[debug] [2023-05-26T15:16:20.574Z] Starting Emulator UI with command {"binary":"node","args":["/Users/ihyeonjae/.cache/firebase/emulators/ui-v1.11.6/server/server.js"],"optionalArgs":[],"joinArgs":false} {"metadata":{"emulator":{"name":"ui"},"message":"Starting Emulator UI with command {\"binary\":\"node\",\"args\":[\"/Users/ihyeonjae/.cache/firebase/emulators/ui-v1.11.6/server/server.js\"],\"optionalArgs\":[],\"joinArgs\":false}"}}
[info] i  ui: Emulator UI logging to ui-debug.log {"metadata":{"emulator":{"name":"ui"},"message":"Emulator UI logging to \u001b[1mui-debug.log\u001b[22m"}}
[debug] [2023-05-26T15:16:20.675Z] Web / API server started at 127.0.0.1:4000
 {"metadata":{"emulator":{"name":"ui"},"message":"Web / API server started at 127.0.0.1:4000\n"}}
[debug] [2023-05-26T15:16:20.676Z] Web / API server started at ::1:4000
 {"metadata":{"emulator":{"name":"ui"},"message":"Web / API server started at ::1:4000\n"}}
[info] 
┌─────────────────────────────────────────────────────────────┐
│ ✔  All emulators ready! It is now safe to connect your app. │
│ i  View Emulator UI at http://127.0.0.1:4000/               │
└─────────────────────────────────────────────────────────────┘

┌────────────────┬────────────────┬────────────────────────────┐
│ Emulator       │ Host:Port      │ View in Emulator UI        │
├────────────────┼────────────────┼────────────────────────────┤
│ Authentication │ 127.0.0.1:9099 │ http://127.0.0.1:4000/auth │
└────────────────┴────────────────┴────────────────────────────┘
  Emulator Hub running at 127.0.0.1:4400
  Other reserved ports: 4500

Issues? Report them at https://github.com/firebase/firebase-tools/issues and attach the *-debug.log files.
 
[info] i  To verify the email address s2284806@ed.ac.uk, follow this link: http://127.0.0.1:9099/emulator/action?mode=verifyEmail&lang=en&oobCode=uGKFPtaobmVzKELO-sJ6RMwwpWTb9YUsmB73dlPRyTt12nGLdbHWdI&apiKey=fake-api-key {"metadata":{"emulator":{"name":"auth"},"message":"To verify the email address s2284806@ed.ac.uk, follow this link: http://127.0.0.1:9099/emulator/action?mode=verifyEmail&lang=en&oobCode=uGKFPtaobmVzKELO-sJ6RMwwpWTb9YUsmB73dlPRyTt12nGLdbHWdI&apiKey=fake-api-key"}}
